  [1m[35m (1.4ms)[0m  [1m[35mCREATE TABLE "schema_migrations" ("version" varchar NOT NULL PRIMARY KEY)[0m
  [1m[35m (0.9ms)[0m  [1m[35mCREATE TABLE "ar_internal_metadata" ("key" varchar NOT NULL PRIMARY KEY, "value" varchar, "created_at" datetime(6) NOT NULL, "updated_at" datetime(6) NOT NULL)[0m
  [1m[36mActiveRecord::SchemaMigration Pluck (0.2ms)[0m  [1m[34mSELECT "schema_migrations"."version" FROM "schema_migrations" ORDER BY "schema_migrations"."version" ASC[0m
Migrating to CreateUsers (20221206190102)
  [1m[36mTRANSACTION (0.1ms)[0m  [1m[36mbegin transaction[0m
  [1m[35m (0.7ms)[0m  [1m[35mCREATE TABLE "users" ("id" integer PRIMARY KEY AUTOINCREMENT NOT NULL, "username" varchar, "password_digest" varchar, "created_at" datetime(6) NOT NULL, "updated_at" datetime(6) NOT NULL)[0m
  [1m[36mActiveRecord::SchemaMigration Create (0.2ms)[0m  [1m[32mINSERT INTO "schema_migrations" ("version") VALUES (?)[0m  [["version", "20221206190102"]]
  [1m[36mTRANSACTION (1.0ms)[0m  [1m[36mcommit transaction[0m
  [1m[36mActiveRecord::InternalMetadata Load (0.2ms)[0m  [1m[34mSELECT "ar_internal_metadata".* FROM "ar_internal_metadata" WHERE "ar_internal_metadata"."key" = ? LIMIT ?[0m  [["key", "environment"], ["LIMIT", 1]]
  [1m[36mTRANSACTION (0.1ms)[0m  [1m[36mbegin transaction[0m
  [1m[36mActiveRecord::InternalMetadata Create (0.4ms)[0m  [1m[32mINSERT INTO "ar_internal_metadata" ("key", "value", "created_at", "updated_at") VALUES (?, ?, ?, ?)[0m  [["key", "environment"], ["value", "development"], ["created_at", "2022-12-06 19:01:31.719064"], ["updated_at", "2022-12-06 19:01:31.719064"]]
  [1m[36mTRANSACTION (0.8ms)[0m  [1m[36mcommit transaction[0m
  [1m[36mActiveRecord::SchemaMigration Pluck (0.1ms)[0m  [1m[34mSELECT "schema_migrations"."version" FROM "schema_migrations" ORDER BY "schema_migrations"."version" ASC[0m
Started GET "/" for ::1 at 2022-12-06 12:11:41 -0700
  [1m[36mActiveRecord::SchemaMigration Pluck (0.5ms)[0m  [1m[34mSELECT "schema_migrations"."version" FROM "schema_migrations" ORDER BY "schema_migrations"."version" ASC[0m
Processing by Rails::WelcomeController#index as HTML
  Rendering /Users/danieltruong/.rvm/gems/ruby-2.7.4/gems/railties-7.0.4/lib/rails/templates/rails/welcome/index.html.erb
  Rendered /Users/danieltruong/.rvm/gems/ruby-2.7.4/gems/railties-7.0.4/lib/rails/templates/rails/welcome/index.html.erb (Duration: 3.1ms | Allocations: 711)
Completed 200 OK in 15ms (Views: 9.1ms | ActiveRecord: 0.0ms | Allocations: 3360)


Started GET "/me" for 127.0.0.1 at 2022-12-06 12:12:12 -0700
  [1m[36mActiveRecord::SchemaMigration Pluck (0.3ms)[0m  [1m[34mSELECT "schema_migrations"."version" FROM "schema_migrations" ORDER BY "schema_migrations"."version" ASC[0m
  
SyntaxError (/Users/danieltruong/Desktop/soccer_phase4_project/backend/app/controllers/users_controller.rb:32: syntax error, unexpected end-of-input, expecting `end'):
  
app/controllers/users_controller.rb:32: syntax error, unexpected end-of-input, expecting `end'
app/controllers/users_controller.rb:32: syntax error, unexpected end-of-input, expecting `end'
Started GET "/me" for 127.0.0.1 at 2022-12-06 12:13:23 -0700
  [1m[36mActiveRecord::SchemaMigration Pluck (0.3ms)[0m  [1m[34mSELECT "schema_migrations"."version" FROM "schema_migrations" ORDER BY "schema_migrations"."version" ASC[0m
  
SyntaxError (/Users/danieltruong/Desktop/soccer_phase4_project/backend/app/controllers/users_controller.rb:32: syntax error, unexpected end-of-input, expecting `end'):
  
app/controllers/users_controller.rb:32: syntax error, unexpected end-of-input, expecting `end'
app/controllers/users_controller.rb:32: syntax error, unexpected end-of-input, expecting `end'
Started GET "/me" for 127.0.0.1 at 2022-12-06 12:14:18 -0700
  [1m[36mActiveRecord::SchemaMigration Pluck (0.2ms)[0m  [1m[34mSELECT "schema_migrations"."version" FROM "schema_migrations" ORDER BY "schema_migrations"."version" ASC[0m
Processing by UsersController#show as */*
[active_model_serializers] Rendered ActiveModel::Serializer::Null with Hash (0.25ms)
Filter chain halted as :authorize rendered or redirected
Completed 401 Unauthorized in 6ms (Views: 4.2ms | ActiveRecord: 0.0ms | Allocations: 714)


Started GET "/me" for 127.0.0.1 at 2022-12-06 12:14:27 -0700
Processing by UsersController#show as */*
[active_model_serializers] Rendered ActiveModel::Serializer::Null with Hash (0.07ms)
Filter chain halted as :authorize rendered or redirected
Completed 401 Unauthorized in 1ms (Views: 0.6ms | ActiveRecord: 0.0ms | Allocations: 239)


Started POST "/signup" for 127.0.0.1 at 2022-12-06 12:14:47 -0700
Processing by UsersController#create as */*
  Parameters: {"username"=>"a", "password"=>"[FILTERED]", "password_confirmation"=>"[FILTERED]", "user"=>{"username"=>"a"}}
[31mUnpermitted parameter: :user. Context: { controller: UsersController, action: create, request: #<ActionDispatch::Request:0x00007f9c2189bd58>, params: {"username"=>"a", "password"=>"[FILTERED]", "password_confirmation"=>"[FILTERED]", "controller"=>"users", "action"=>"create", "user"=>{"username"=>"a"}} }[0m
  [1m[36mTRANSACTION (0.1ms)[0m  [1m[36mbegin transaction[0m
  ↳ app/controllers/users_controller.rb:5:in `create'
  [1m[36mUser Create (1.7ms)[0m  [1m[32mINSERT INTO "users" ("username", "password_digest", "created_at", "updated_at") VALUES (?, ?, ?, ?)[0m  [["username", "a"], ["password_digest", "[FILTERED]"], ["created_at", "2022-12-06 19:14:47.380015"], ["updated_at", "2022-12-06 19:14:47.380015"]]
  ↳ app/controllers/users_controller.rb:5:in `create'
  [1m[36mTRANSACTION (1.3ms)[0m  [1m[36mcommit transaction[0m
  ↳ app/controllers/users_controller.rb:5:in `create'
[active_model_serializers] Rendered ActiveModel::Serializer::Null with User (0.53ms)
Completed 201 Created in 347ms (Views: 1.5ms | ActiveRecord: 4.0ms | Allocations: 38277)


Started GET "/me" for 127.0.0.1 at 2022-12-06 12:15:42 -0700
  [1m[36mActiveRecord::SchemaMigration Pluck (0.1ms)[0m  [1m[34mSELECT "schema_migrations"."version" FROM "schema_migrations" ORDER BY "schema_migrations"."version" ASC[0m
Processing by UsersController#show as */*
  [1m[36mUser Load (0.3ms)[0m  [1m[34mSELECT "users".* FROM "users" WHERE "users"."id" = ? LIMIT ?[0m  [["id", 1], ["LIMIT", 1]]
  ↳ app/controllers/users_controller.rb:15:in `show'
[active_model_serializers] Rendered ActiveModel::Serializer::Null with User (1.23ms)
Completed 200 OK in 80ms (Views: 4.6ms | ActiveRecord: 1.3ms | Allocations: 38976)


Started DELETE "/logout" for 127.0.0.1 at 2022-12-06 12:15:46 -0700
Processing by SessionsController#destroy as */*
Completed 204 No Content in 1ms (ActiveRecord: 0.0ms | Allocations: 184)


Started GET "/me" for 127.0.0.1 at 2022-12-06 12:15:49 -0700
Processing by UsersController#show as */*
[active_model_serializers] Rendered ActiveModel::Serializer::Null with Hash (0.08ms)
Filter chain halted as :authorize rendered or redirected
Completed 401 Unauthorized in 2ms (Views: 0.9ms | ActiveRecord: 0.0ms | Allocations: 365)


Started POST "/login" for 127.0.0.1 at 2022-12-06 12:15:53 -0700
Processing by SessionsController#create as */*
  Parameters: {"username"=>"a", "password"=>"[FILTERED]", "session"=>{"username"=>"a", "password"=>"[FILTERED]"}}
  [1m[36mUser Load (0.5ms)[0m  [1m[34mSELECT "users".* FROM "users" WHERE "users"."username" = ? LIMIT ?[0m  [["username", "a"], ["LIMIT", 1]]
  ↳ app/controllers/sessions_controller.rb:4:in `create'
[active_model_serializers] Rendered ActiveModel::Serializer::Null with User (0.22ms)
Completed 201 Created in 283ms (Views: 0.9ms | ActiveRecord: 0.5ms | Allocations: 1011)


Started GET "/me" for 127.0.0.1 at 2022-12-06 12:16:07 -0700
Processing by UsersController#show as */*
  [1m[36mUser Load (0.2ms)[0m  [1m[34mSELECT "users".* FROM "users" WHERE "users"."id" = ? LIMIT ?[0m  [["id", 1], ["LIMIT", 1]]
  ↳ app/controllers/users_controller.rb:15:in `show'
[active_model_serializers] Rendered ActiveModel::Serializer::Null with User (0.42ms)
Completed 200 OK in 4ms (Views: 1.5ms | ActiveRecord: 0.2ms | Allocations: 852)


Started DELETE "/logout" for 127.0.0.1 at 2022-12-06 12:16:08 -0700
Processing by SessionsController#destroy as */*
Completed 204 No Content in 1ms (ActiveRecord: 0.0ms | Allocations: 176)


Started GET "/me" for 127.0.0.1 at 2022-12-06 12:16:09 -0700
Processing by UsersController#show as */*
[active_model_serializers] Rendered ActiveModel::Serializer::Null with Hash (0.06ms)
Filter chain halted as :authorize rendered or redirected
Completed 401 Unauthorized in 1ms (Views: 0.4ms | ActiveRecord: 0.0ms | Allocations: 314)


Started GET "/me" for 127.0.0.1 at 2022-12-06 12:16:12 -0700
Processing by UsersController#show as */*
[active_model_serializers] Rendered ActiveModel::Serializer::Null with Hash (0.06ms)
Filter chain halted as :authorize rendered or redirected
Completed 401 Unauthorized in 1ms (Views: 0.5ms | ActiveRecord: 0.0ms | Allocations: 317)


Started GET "/me" for 127.0.0.1 at 2022-12-06 12:20:15 -0700
Processing by UsersController#show as */*
[active_model_serializers] Rendered ActiveModel::Serializer::Null with Hash (0.08ms)
Filter chain halted as :authorize rendered or redirected
Completed 401 Unauthorized in 1ms (Views: 0.5ms | ActiveRecord: 0.0ms | Allocations: 322)


Started GET "/me" for 127.0.0.1 at 2022-12-06 12:20:25 -0700
Processing by UsersController#show as */*
[active_model_serializers] Rendered ActiveModel::Serializer::Null with Hash (0.09ms)
Filter chain halted as :authorize rendered or redirected
Completed 401 Unauthorized in 1ms (Views: 0.5ms | ActiveRecord: 0.0ms | Allocations: 317)


Started GET "/me" for 127.0.0.1 at 2022-12-06 12:20:32 -0700
Processing by UsersController#show as */*
[active_model_serializers] Rendered ActiveModel::Serializer::Null with Hash (0.06ms)
Filter chain halted as :authorize rendered or redirected
Completed 401 Unauthorized in 1ms (Views: 0.4ms | ActiveRecord: 0.0ms | Allocations: 320)


Started GET "/me" for 127.0.0.1 at 2022-12-06 12:20:36 -0700
Processing by UsersController#show as */*
[active_model_serializers] Rendered ActiveModel::Serializer::Null with Hash (0.08ms)
Filter chain halted as :authorize rendered or redirected
Completed 401 Unauthorized in 1ms (Views: 0.5ms | ActiveRecord: 0.0ms | Allocations: 324)


Started GET "/me" for 127.0.0.1 at 2022-12-06 12:20:38 -0700
Processing by UsersController#show as */*
[active_model_serializers] Rendered ActiveModel::Serializer::Null with Hash (0.07ms)
Filter chain halted as :authorize rendered or redirected
Completed 401 Unauthorized in 1ms (Views: 0.5ms | ActiveRecord: 0.0ms | Allocations: 326)


Started GET "/me" for 127.0.0.1 at 2022-12-06 12:20:47 -0700
Processing by UsersController#show as */*
[active_model_serializers] Rendered ActiveModel::Serializer::Null with Hash (0.07ms)
Filter chain halted as :authorize rendered or redirected
Completed 401 Unauthorized in 1ms (Views: 0.4ms | ActiveRecord: 0.0ms | Allocations: 332)


Started GET "/me" for 127.0.0.1 at 2022-12-06 12:21:19 -0700
Processing by UsersController#show as */*
[active_model_serializers] Rendered ActiveModel::Serializer::Null with Hash (0.07ms)
Filter chain halted as :authorize rendered or redirected
Completed 401 Unauthorized in 1ms (Views: 0.5ms | ActiveRecord: 0.0ms | Allocations: 322)


Started POST "/login" for 127.0.0.1 at 2022-12-06 12:21:22 -0700
Processing by SessionsController#create as */*
  Parameters: {"username"=>"a", "password"=>"[FILTERED]", "session"=>{"username"=>"a", "password"=>"[FILTERED]"}}
  [1m[36mUser Load (0.3ms)[0m  [1m[34mSELECT "users".* FROM "users" WHERE "users"."username" = ? LIMIT ?[0m  [["username", "a"], ["LIMIT", 1]]
  ↳ app/controllers/sessions_controller.rb:4:in `create'
[active_model_serializers] Rendered ActiveModel::Serializer::Null with User (0.25ms)
Completed 201 Created in 267ms (Views: 0.8ms | ActiveRecord: 0.3ms | Allocations: 876)


Started DELETE "/logout" for 127.0.0.1 at 2022-12-06 12:21:26 -0700
Processing by SessionsController#destroy as */*
Completed 204 No Content in 1ms (ActiveRecord: 0.0ms | Allocations: 174)


Started GET "/me" for 127.0.0.1 at 2022-12-06 12:22:12 -0700
Processing by UsersController#show as */*
[active_model_serializers] Rendered ActiveModel::Serializer::Null with Hash (0.07ms)
Filter chain halted as :authorize rendered or redirected
Completed 401 Unauthorized in 1ms (Views: 0.4ms | ActiveRecord: 0.0ms | Allocations: 318)


Started GET "/me" for 127.0.0.1 at 2022-12-06 12:22:19 -0700
Processing by UsersController#show as */*
[active_model_serializers] Rendered ActiveModel::Serializer::Null with Hash (0.09ms)
Filter chain halted as :authorize rendered or redirected
Completed 401 Unauthorized in 2ms (Views: 0.9ms | ActiveRecord: 0.0ms | Allocations: 316)


Started GET "/me" for 127.0.0.1 at 2022-12-06 12:22:27 -0700
Processing by UsersController#show as */*
[active_model_serializers] Rendered ActiveModel::Serializer::Null with Hash (0.06ms)
Filter chain halted as :authorize rendered or redirected
Completed 401 Unauthorized in 1ms (Views: 0.4ms | ActiveRecord: 0.0ms | Allocations: 320)


Started GET "/me" for 127.0.0.1 at 2022-12-06 12:22:30 -0700
Processing by UsersController#show as */*
[active_model_serializers] Rendered ActiveModel::Serializer::Null with Hash (0.3ms)
Filter chain halted as :authorize rendered or redirected
Completed 401 Unauthorized in 3ms (Views: 2.1ms | ActiveRecord: 0.0ms | Allocations: 326)


Started GET "/me" for 127.0.0.1 at 2022-12-06 12:22:34 -0700
Processing by UsersController#show as */*
[active_model_serializers] Rendered ActiveModel::Serializer::Null with Hash (0.11ms)
Filter chain halted as :authorize rendered or redirected
Completed 401 Unauthorized in 2ms (Views: 1.0ms | ActiveRecord: 0.0ms | Allocations: 316)


Started GET "/me" for 127.0.0.1 at 2022-12-06 12:22:37 -0700
Processing by UsersController#show as */*
[active_model_serializers] Rendered ActiveModel::Serializer::Null with Hash (0.06ms)
Filter chain halted as :authorize rendered or redirected
Completed 401 Unauthorized in 1ms (Views: 0.5ms | ActiveRecord: 0.0ms | Allocations: 310)


Started GET "/me" for 127.0.0.1 at 2022-12-06 12:22:43 -0700
Processing by UsersController#show as */*
[active_model_serializers] Rendered ActiveModel::Serializer::Null with Hash (0.07ms)
Filter chain halted as :authorize rendered or redirected
Completed 401 Unauthorized in 1ms (Views: 0.5ms | ActiveRecord: 0.0ms | Allocations: 322)


Started GET "/me" for 127.0.0.1 at 2022-12-06 12:22:51 -0700
Processing by UsersController#show as */*
[active_model_serializers] Rendered ActiveModel::Serializer::Null with Hash (0.07ms)
Filter chain halted as :authorize rendered or redirected
Completed 401 Unauthorized in 1ms (Views: 0.5ms | ActiveRecord: 0.0ms | Allocations: 324)


Started GET "/me" for 127.0.0.1 at 2022-12-06 12:23:06 -0700
  [1m[36mActiveRecord::SchemaMigration Pluck (0.3ms)[0m  [1m[34mSELECT "schema_migrations"."version" FROM "schema_migrations" ORDER BY "schema_migrations"."version" ASC[0m
Processing by UsersController#show as */*
[active_model_serializers] Rendered ActiveModel::Serializer::Null with Hash (0.16ms)
Filter chain halted as :authorize rendered or redirected
Completed 401 Unauthorized in 4ms (Views: 2.1ms | ActiveRecord: 0.0ms | Allocations: 805)


Started GET "/me" for 127.0.0.1 at 2022-12-06 12:23:07 -0700
Processing by UsersController#show as */*
[active_model_serializers] Rendered ActiveModel::Serializer::Null with Hash (0.16ms)
Filter chain halted as :authorize rendered or redirected
Completed 401 Unauthorized in 1ms (Views: 0.6ms | ActiveRecord: 0.0ms | Allocations: 316)


Started POST "/signup" for 127.0.0.1 at 2022-12-06 12:23:15 -0700
Processing by UsersController#create as */*
  Parameters: {"username"=>"", "password"=>"[FILTERED]", "password_confirmation"=>"[FILTERED]", "user"=>{"username"=>""}}
[31mUnpermitted parameter: :user. Context: { controller: UsersController, action: create, request: #<ActionDispatch::Request:0x00007fa3fe911f78>, params: {"username"=>"", "password"=>"[FILTERED]", "password_confirmation"=>"[FILTERED]", "controller"=>"users", "action"=>"create", "user"=>{"username"=>""}} }[0m
[active_model_serializers] Rendered ActiveModel::Serializer::Null with Hash (0.07ms)
Completed 422 Unprocessable Entity in 63ms (Views: 0.4ms | ActiveRecord: 1.5ms | Allocations: 38864)


Started POST "/signup" for 127.0.0.1 at 2022-12-06 12:23:16 -0700
Processing by UsersController#create as */*
  Parameters: {"username"=>"", "password"=>"[FILTERED]", "password_confirmation"=>"[FILTERED]", "user"=>{"username"=>""}}
[31mUnpermitted parameter: :user. Context: { controller: UsersController, action: create, request: #<ActionDispatch::Request:0x00007fa3fc68d6f0>, params: {"username"=>"", "password"=>"[FILTERED]", "password_confirmation"=>"[FILTERED]", "controller"=>"users", "action"=>"create", "user"=>{"username"=>""}} }[0m
[active_model_serializers] Rendered ActiveModel::Serializer::Null with Hash (0.08ms)
Completed 422 Unprocessable Entity in 3ms (Views: 0.5ms | ActiveRecord: 0.0ms | Allocations: 913)


Started POST "/signup" for 127.0.0.1 at 2022-12-06 12:23:16 -0700
Processing by UsersController#create as */*
  Parameters: {"username"=>"", "password"=>"[FILTERED]", "password_confirmation"=>"[FILTERED]", "user"=>{"username"=>""}}
[31mUnpermitted parameter: :user. Context: { controller: UsersController, action: create, request: #<ActionDispatch::Request:0x00007fa3ff096640>, params: {"username"=>"", "password"=>"[FILTERED]", "password_confirmation"=>"[FILTERED]", "controller"=>"users", "action"=>"create", "user"=>{"username"=>""}} }[0m
[active_model_serializers] Rendered ActiveModel::Serializer::Null with Hash (0.1ms)
Completed 422 Unprocessable Entity in 3ms (Views: 1.0ms | ActiveRecord: 0.0ms | Allocations: 913)


Started POST "/signup" for 127.0.0.1 at 2022-12-06 12:23:16 -0700
Processing by UsersController#create as */*
  Parameters: {"username"=>"", "password"=>"[FILTERED]", "password_confirmation"=>"[FILTERED]", "user"=>{"username"=>""}}
[31mUnpermitted parameter: :user. Context: { controller: UsersController, action: create, request: #<ActionDispatch::Request:0x00007fa3feac6850>, params: {"username"=>"", "password"=>"[FILTERED]", "password_confirmation"=>"[FILTERED]", "controller"=>"users", "action"=>"create", "user"=>{"username"=>""}} }[0m
[active_model_serializers] Rendered ActiveModel::Serializer::Null with Hash (0.07ms)
Completed 422 Unprocessable Entity in 3ms (Views: 0.5ms | ActiveRecord: 0.0ms | Allocations: 904)


Started POST "/signup" for 127.0.0.1 at 2022-12-06 12:23:17 -0700
Processing by UsersController#create as */*
  Parameters: {"username"=>"", "password"=>"[FILTERED]", "password_confirmation"=>"[FILTERED]", "user"=>{"username"=>""}}
[31mUnpermitted parameter: :user. Context: { controller: UsersController, action: create, request: #<ActionDispatch::Request:0x00007fa400067bf0>, params: {"username"=>"", "password"=>"[FILTERED]", "password_confirmation"=>"[FILTERED]", "controller"=>"users", "action"=>"create", "user"=>{"username"=>""}} }[0m
[active_model_serializers] Rendered ActiveModel::Serializer::Null with Hash (0.05ms)
Completed 422 Unprocessable Entity in 2ms (Views: 0.4ms | ActiveRecord: 0.0ms | Allocations: 912)


Started POST "/signup" for 127.0.0.1 at 2022-12-06 12:23:17 -0700
Processing by UsersController#create as */*
  Parameters: {"username"=>"", "password"=>"[FILTERED]", "password_confirmation"=>"[FILTERED]", "user"=>{"username"=>""}}
[31mUnpermitted parameter: :user. Context: { controller: UsersController, action: create, request: #<ActionDispatch::Request:0x00007fa3fc79a3e0>, params: {"username"=>"", "password"=>"[FILTERED]", "password_confirmation"=>"[FILTERED]", "controller"=>"users", "action"=>"create", "user"=>{"username"=>""}} }[0m
[active_model_serializers] Rendered ActiveModel::Serializer::Null with Hash (0.09ms)
Completed 422 Unprocessable Entity in 5ms (Views: 0.7ms | ActiveRecord: 0.0ms | Allocations: 901)


Started GET "/me" for 127.0.0.1 at 2022-12-06 12:23:19 -0700
Processing by UsersController#show as */*
[active_model_serializers] Rendered ActiveModel::Serializer::Null with Hash (0.07ms)
Filter chain halted as :authorize rendered or redirected
Completed 401 Unauthorized in 1ms (Views: 0.5ms | ActiveRecord: 0.0ms | Allocations: 318)


Started GET "/me" for 127.0.0.1 at 2022-12-06 12:23:26 -0700
Processing by UsersController#show as */*
[active_model_serializers] Rendered ActiveModel::Serializer::Null with Hash (0.07ms)
Filter chain halted as :authorize rendered or redirected
Completed 401 Unauthorized in 1ms (Views: 0.5ms | ActiveRecord: 0.0ms | Allocations: 320)


Started GET "/me" for 127.0.0.1 at 2022-12-06 12:23:32 -0700
Processing by UsersController#show as */*
[active_model_serializers] Rendered ActiveModel::Serializer::Null with Hash (0.07ms)
Filter chain halted as :authorize rendered or redirected
Completed 401 Unauthorized in 1ms (Views: 0.4ms | ActiveRecord: 0.0ms | Allocations: 324)


Started GET "/me" for 127.0.0.1 at 2022-12-06 12:42:07 -0700
  [1m[36mActiveRecord::SchemaMigration Pluck (0.3ms)[0m  [1m[34mSELECT "schema_migrations"."version" FROM "schema_migrations" ORDER BY "schema_migrations"."version" ASC[0m
Processing by UsersController#show as */*
[active_model_serializers] Rendered ActiveModel::Serializer::Null with Hash (0.17ms)
Filter chain halted as :authorize rendered or redirected
Completed 401 Unauthorized in 5ms (Views: 2.8ms | ActiveRecord: 0.0ms | Allocations: 809)


Started GET "/me" for 127.0.0.1 at 2022-12-06 12:42:11 -0700
Processing by UsersController#show as */*
[active_model_serializers] Rendered ActiveModel::Serializer::Null with Hash (0.07ms)
Filter chain halted as :authorize rendered or redirected
Completed 401 Unauthorized in 1ms (Views: 0.5ms | ActiveRecord: 0.0ms | Allocations: 318)


Started GET "/me" for 127.0.0.1 at 2022-12-06 12:42:13 -0700
Processing by UsersController#show as */*
[active_model_serializers] Rendered ActiveModel::Serializer::Null with Hash (0.31ms)
Filter chain halted as :authorize rendered or redirected
Completed 401 Unauthorized in 1ms (Views: 0.7ms | ActiveRecord: 0.0ms | Allocations: 322)


Started GET "/me" for 127.0.0.1 at 2022-12-06 12:42:16 -0700
Processing by UsersController#show as */*
[active_model_serializers] Rendered ActiveModel::Serializer::Null with Hash (0.23ms)
Filter chain halted as :authorize rendered or redirected
Completed 401 Unauthorized in 2ms (Views: 0.9ms | ActiveRecord: 0.0ms | Allocations: 320)


Started GET "/me" for 127.0.0.1 at 2022-12-06 12:42:55 -0700
Processing by UsersController#show as */*
[active_model_serializers] Rendered ActiveModel::Serializer::Null with Hash (0.21ms)
Filter chain halted as :authorize rendered or redirected
Completed 401 Unauthorized in 2ms (Views: 1.8ms | ActiveRecord: 0.0ms | Allocations: 320)


Started GET "/me" for 127.0.0.1 at 2022-12-06 12:42:57 -0700
Processing by UsersController#show as */*
[active_model_serializers] Rendered ActiveModel::Serializer::Null with Hash (0.11ms)
Filter chain halted as :authorize rendered or redirected
Completed 401 Unauthorized in 1ms (Views: 0.5ms | ActiveRecord: 0.0ms | Allocations: 320)


Started GET "/me" for 127.0.0.1 at 2022-12-06 12:42:59 -0700
Processing by UsersController#show as */*
[active_model_serializers] Rendered ActiveModel::Serializer::Null with Hash (0.07ms)
Filter chain halted as :authorize rendered or redirected
Completed 401 Unauthorized in 1ms (Views: 0.5ms | ActiveRecord: 0.0ms | Allocations: 318)


Started GET "/me" for 127.0.0.1 at 2022-12-06 12:43:04 -0700
Processing by UsersController#show as */*
[active_model_serializers] Rendered ActiveModel::Serializer::Null with Hash (0.07ms)
Filter chain halted as :authorize rendered or redirected
Completed 401 Unauthorized in 1ms (Views: 0.6ms | ActiveRecord: 0.0ms | Allocations: 320)


Started POST "/signup" for 127.0.0.1 at 2022-12-06 12:43:10 -0700
Processing by UsersController#create as */*
  Parameters: {"username"=>"Dan", "password"=>"[FILTERED]", "password_confirmation"=>"[FILTERED]", "user"=>{"username"=>"Dan"}}
[31mUnpermitted parameter: :user. Context: { controller: UsersController, action: create, request: #<ActionDispatch::Request:0x00007fa46a177d28>, params: {"username"=>"Dan", "password"=>"[FILTERED]", "password_confirmation"=>"[FILTERED]", "controller"=>"users", "action"=>"create", "user"=>{"username"=>"Dan"}} }[0m
  [1m[36mTRANSACTION (0.1ms)[0m  [1m[36mbegin transaction[0m
  ↳ app/controllers/users_controller.rb:5:in `create'
  [1m[36mUser Create (1.3ms)[0m  [1m[32mINSERT INTO "users" ("username", "password_digest", "created_at", "updated_at") VALUES (?, ?, ?, ?)[0m  [["username", "Dan"], ["password_digest", "[FILTERED]"], ["created_at", "2022-12-06 19:43:10.449971"], ["updated_at", "2022-12-06 19:43:10.449971"]]
  ↳ app/controllers/users_controller.rb:5:in `create'
  [1m[36mTRANSACTION (1.5ms)[0m  [1m[36mcommit transaction[0m
  ↳ app/controllers/users_controller.rb:5:in `create'
[active_model_serializers] Rendered ActiveModel::Serializer::Null with User (0.34ms)
Completed 201 Created in 366ms (Views: 3.9ms | ActiveRecord: 4.3ms | Allocations: 38361)


Started DELETE "/logout" for 127.0.0.1 at 2022-12-06 12:43:12 -0700
Processing by SessionsController#destroy as */*
Completed 204 No Content in 0ms (ActiveRecord: 0.0ms | Allocations: 190)


Started GET "/me" for 127.0.0.1 at 2022-12-06 12:43:16 -0700
Processing by UsersController#show as */*
[active_model_serializers] Rendered ActiveModel::Serializer::Null with Hash (0.07ms)
Filter chain halted as :authorize rendered or redirected
Completed 401 Unauthorized in 1ms (Views: 0.5ms | ActiveRecord: 0.0ms | Allocations: 320)


Started POST "/login" for 127.0.0.1 at 2022-12-06 12:43:20 -0700
Processing by SessionsController#create as */*
  Parameters: {"username"=>"Dan", "password"=>"[FILTERED]", "session"=>{"username"=>"Dan", "password"=>"[FILTERED]"}}
  [1m[36mUser Load (0.2ms)[0m  [1m[34mSELECT "users".* FROM "users" WHERE "users"."username" = ? LIMIT ?[0m  [["username", "Dan"], ["LIMIT", 1]]
  ↳ app/controllers/sessions_controller.rb:4:in `create'
[active_model_serializers] Rendered ActiveModel::Serializer::Null with User (0.28ms)
Completed 201 Created in 273ms (Views: 0.8ms | ActiveRecord: 0.2ms | Allocations: 1670)


Started DELETE "/logout" for 127.0.0.1 at 2022-12-06 12:43:22 -0700
Processing by SessionsController#destroy as */*
Completed 204 No Content in 0ms (ActiveRecord: 0.0ms | Allocations: 179)


Started GET "/me" for 127.0.0.1 at 2022-12-06 12:44:27 -0700
Processing by UsersController#show as */*
[active_model_serializers] Rendered ActiveModel::Serializer::Null with Hash (0.07ms)
Filter chain halted as :authorize rendered or redirected
Completed 401 Unauthorized in 1ms (Views: 0.7ms | ActiveRecord: 0.0ms | Allocations: 326)


Started GET "/me" for 127.0.0.1 at 2022-12-06 12:44:30 -0700
Processing by UsersController#show as */*
[active_model_serializers] Rendered ActiveModel::Serializer::Null with Hash (0.1ms)
Filter chain halted as :authorize rendered or redirected
Completed 401 Unauthorized in 1ms (Views: 0.8ms | ActiveRecord: 0.0ms | Allocations: 314)


Started GET "/me" for 127.0.0.1 at 2022-12-06 12:44:33 -0700
Processing by UsersController#show as */*
[active_model_serializers] Rendered ActiveModel::Serializer::Null with Hash (0.07ms)
Filter chain halted as :authorize rendered or redirected
Completed 401 Unauthorized in 1ms (Views: 0.5ms | ActiveRecord: 0.0ms | Allocations: 316)


Started GET "/me" for 127.0.0.1 at 2022-12-06 12:44:37 -0700
Processing by UsersController#show as */*
[active_model_serializers] Rendered ActiveModel::Serializer::Null with Hash (0.07ms)
Filter chain halted as :authorize rendered or redirected
Completed 401 Unauthorized in 1ms (Views: 0.5ms | ActiveRecord: 0.0ms | Allocations: 324)


Started POST "/signup" for 127.0.0.1 at 2022-12-06 12:44:42 -0700
Processing by UsersController#create as */*
  Parameters: {"username"=>"Dan", "password"=>"[FILTERED]", "password_confirmation"=>"[FILTERED]", "user"=>{"username"=>"Dan"}}
[31mUnpermitted parameter: :user. Context: { controller: UsersController, action: create, request: #<ActionDispatch::Request:0x00007fa466e7b0f0>, params: {"username"=>"Dan", "password"=>"[FILTERED]", "password_confirmation"=>"[FILTERED]", "controller"=>"users", "action"=>"create", "user"=>{"username"=>"Dan"}} }[0m
  [1m[36mTRANSACTION (0.1ms)[0m  [1m[36mbegin transaction[0m
  ↳ app/controllers/users_controller.rb:5:in `create'
  [1m[36mUser Create (0.5ms)[0m  [1m[32mINSERT INTO "users" ("username", "password_digest", "created_at", "updated_at") VALUES (?, ?, ?, ?)[0m  [["username", "Dan"], ["password_digest", "[FILTERED]"], ["created_at", "2022-12-06 19:44:43.136253"], ["updated_at", "2022-12-06 19:44:43.136253"]]
  ↳ app/controllers/users_controller.rb:5:in `create'
  [1m[36mTRANSACTION (1.4ms)[0m  [1m[36mcommit transaction[0m
  ↳ app/controllers/users_controller.rb:5:in `create'
[active_model_serializers] Rendered ActiveModel::Serializer::Null with User (0.2ms)
Completed 201 Created in 276ms (Views: 0.7ms | ActiveRecord: 2.0ms | Allocations: 2132)


Started DELETE "/logout" for 127.0.0.1 at 2022-12-06 12:44:44 -0700
Processing by SessionsController#destroy as */*
Completed 204 No Content in 0ms (ActiveRecord: 0.0ms | Allocations: 170)


Started GET "/me" for 127.0.0.1 at 2022-12-06 12:44:49 -0700
Processing by UsersController#show as */*
[active_model_serializers] Rendered ActiveModel::Serializer::Null with Hash (0.09ms)
Filter chain halted as :authorize rendered or redirected
Completed 401 Unauthorized in 1ms (Views: 0.6ms | ActiveRecord: 0.0ms | Allocations: 326)


Started POST "/login" for 127.0.0.1 at 2022-12-06 12:44:52 -0700
Processing by SessionsController#create as */*
  Parameters: {"username"=>"Dan", "password"=>"[FILTERED]", "session"=>{"username"=>"Dan", "password"=>"[FILTERED]"}}
  [1m[36mUser Load (0.1ms)[0m  [1m[34mSELECT "users".* FROM "users" WHERE "users"."username" = ? LIMIT ?[0m  [["username", "Dan"], ["LIMIT", 1]]
  ↳ app/controllers/sessions_controller.rb:4:in `create'
[active_model_serializers] Rendered ActiveModel::Serializer::Null with User (0.22ms)
Completed 201 Created in 272ms (Views: 0.6ms | ActiveRecord: 0.1ms | Allocations: 869)


Started GET "/me" for 127.0.0.1 at 2022-12-06 12:44:57 -0700
Processing by UsersController#show as */*
  [1m[36mUser Load (4.1ms)[0m  [1m[34mSELECT "users".* FROM "users" WHERE "users"."id" = ? LIMIT ?[0m  [["id", 2], ["LIMIT", 1]]
  ↳ app/controllers/users_controller.rb:15:in `show'
[active_model_serializers] Rendered ActiveModel::Serializer::Null with User (0.25ms)
Completed 200 OK in 8ms (Views: 0.7ms | ActiveRecord: 4.1ms | Allocations: 963)


Started DELETE "/logout" for 127.0.0.1 at 2022-12-06 12:44:59 -0700
Processing by SessionsController#destroy as */*
Completed 204 No Content in 0ms (ActiveRecord: 0.0ms | Allocations: 184)


Started GET "/me" for 127.0.0.1 at 2022-12-06 12:45:03 -0700
Processing by UsersController#show as */*
[active_model_serializers] Rendered ActiveModel::Serializer::Null with Hash (0.13ms)
Filter chain halted as :authorize rendered or redirected
Completed 401 Unauthorized in 1ms (Views: 0.7ms | ActiveRecord: 0.0ms | Allocations: 322)


Started GET "/me" for 127.0.0.1 at 2022-12-06 12:45:05 -0700
Processing by UsersController#show as */*
[active_model_serializers] Rendered ActiveModel::Serializer::Null with Hash (0.07ms)
Filter chain halted as :authorize rendered or redirected
Completed 401 Unauthorized in 2ms (Views: 1.1ms | ActiveRecord: 0.0ms | Allocations: 320)


Started GET "/me" for 127.0.0.1 at 2022-12-06 12:58:01 -0700
Processing by UsersController#show as */*
[active_model_serializers] Rendered ActiveModel::Serializer::Null with Hash (0.28ms)
Filter chain halted as :authorize rendered or redirected
Completed 401 Unauthorized in 2ms (Views: 1.5ms | Allocations: 322)


Started GET "/me" for 127.0.0.1 at 2022-12-06 13:10:28 -0700
  [1m[36mActiveRecord::SchemaMigration Pluck (0.2ms)[0m  [1m[34mSELECT "schema_migrations"."version" FROM "schema_migrations" ORDER BY "schema_migrations"."version" ASC[0m
Processing by UsersController#show as */*
[active_model_serializers] Rendered ActiveModel::Serializer::Null with Hash (0.1ms)
Filter chain halted as :authorize rendered or redirected
Completed 401 Unauthorized in 4ms (Views: 1.6ms | ActiveRecord: 0.0ms | Allocations: 807)


Started GET "/me" for 127.0.0.1 at 2022-12-06 13:10:32 -0700
Processing by UsersController#show as */*
[active_model_serializers] Rendered ActiveModel::Serializer::Null with Hash (0.06ms)
Filter chain halted as :authorize rendered or redirected
Completed 401 Unauthorized in 2ms (Views: 0.6ms | ActiveRecord: 0.0ms | Allocations: 330)


Started GET "/me" for 127.0.0.1 at 2022-12-06 13:10:35 -0700
Processing by UsersController#show as */*
[active_model_serializers] Rendered ActiveModel::Serializer::Null with Hash (0.08ms)
Filter chain halted as :authorize rendered or redirected
Completed 401 Unauthorized in 1ms (Views: 0.7ms | ActiveRecord: 0.0ms | Allocations: 328)


Started GET "/me" for 127.0.0.1 at 2022-12-06 13:10:46 -0700
Processing by UsersController#show as */*
[active_model_serializers] Rendered ActiveModel::Serializer::Null with Hash (0.07ms)
Filter chain halted as :authorize rendered or redirected
Completed 401 Unauthorized in 1ms (Views: 0.5ms | ActiveRecord: 0.0ms | Allocations: 326)


Started GET "/me" for 127.0.0.1 at 2022-12-06 13:11:05 -0700
Processing by UsersController#show as */*
[active_model_serializers] Rendered ActiveModel::Serializer::Null with Hash (0.26ms)
Filter chain halted as :authorize rendered or redirected
Completed 401 Unauthorized in 2ms (Views: 0.9ms | ActiveRecord: 0.0ms | Allocations: 322)


